<?xml version="1.0" encoding="UTF-8"?>
<testng-results skipped="0" failed="0" ignored="0" total="2" passed="2">
  <reporter-output>
  </reporter-output>
  <suite name="Default suite" duration-ms="88769" started-at="2017-10-26T15:39:00Z" finished-at="2017-10-26T15:40:28Z">
    <groups>
    </groups>
    <test name="Default test" duration-ms="88769" started-at="2017-10-26T15:39:00Z" finished-at="2017-10-26T15:40:28Z">
      <class name="selenium.Loggi">
        <test-method status="PASS" signature="a()[pri:0, instance:selenium.Loggi@1794d431]" name="a" duration-ms="16" started-at="2017-10-26T21:09:00Z" finished-at="2017-10-26T21:09:00Z">
          <reporter-output>
          </reporter-output>
        </test-method> <!-- a -->
        <test-method status="PASS" signature="b()[pri:0, instance:selenium.Loggi@1794d431]" name="b" duration-ms="88702" started-at="2017-10-26T21:09:00Z" finished-at="2017-10-26T21:10:28Z">
          <reporter-output>
          </reporter-output>
        </test-method> <!-- b -->
      </class> <!-- selenium.Loggi -->
    </test> <!-- Default test -->
  </suite> <!-- Default suite -->
</testng-results>
